{
  "RSpec": {
    "coverage": {
      "/Users/rebeckahendricks/Turing/1mod/projects/enigma/spec/enigma_spec.rb": {
        "lines": [
          1,
          1,
          null,
          1,
          1,
          6,
          null,
          null,
          1,
          1,
          null,
          null,
          1,
          null,
          null,
          1,
          null,
          null,
          null,
          null,
          1,
          null,
          null,
          1,
          null,
          1,
          null,
          null,
          null,
          null,
          1,
          1,
          null,
          null,
          1,
          null,
          1,
          null,
          null,
          null,
          null,
          1,
          1,
          1,
          null,
          null,
          1,
          null,
          1,
          null,
          null,
          null,
          null,
          1,
          null,
          null,
          1,
          1,
          1,
          null,
          1,
          null,
          null,
          null,
          null,
          1,
          null,
          null
        ]
      },
      "/Users/rebeckahendricks/Turing/1mod/projects/enigma/lib/enigma.rb": {
        "lines": [
          1,
          null,
          1,
          1,
          1,
          null,
          1,
          6,
          6,
          6,
          null,
          null,
          1,
          4,
          4,
          null,
          4,
          4,
          44,
          12,
          32,
          12,
          20,
          12,
          8,
          8,
          null,
          null,
          44,
          44,
          1188,
          44,
          null,
          null,
          44,
          null,
          null,
          null,
          4,
          null,
          null,
          null,
          null,
          null,
          1,
          2,
          2,
          null,
          2,
          2,
          22,
          6,
          16,
          6,
          10,
          6,
          4,
          4,
          null,
          null,
          22,
          22,
          594,
          22,
          null,
          null,
          22,
          null,
          null,
          null,
          2,
          null,
          null,
          null,
          null,
          null
        ]
      },
      "/Users/rebeckahendricks/Turing/1mod/projects/enigma/lib/shift_maker.rb": {
        "lines": [
          1,
          null,
          1,
          1,
          18,
          null,
          null,
          1,
          18,
          null,
          null,
          1,
          18,
          null,
          null,
          1,
          12,
          null,
          null,
          1,
          18,
          null,
          null,
          1,
          18,
          null,
          null,
          1,
          18,
          null,
          null,
          1,
          12,
          null,
          null,
          1,
          18,
          null,
          null,
          1,
          18,
          null,
          null,
          1,
          18,
          null,
          null,
          1,
          12,
          null,
          null
        ]
      }
    },
    "timestamp": 1659813465
  }
}
