{
  "RSpec": {
    "coverage": {
      "/Users/rebeckahendricks/Turing/1mod/projects/enigma/spec/enigma_spec.rb": {
        "lines": [
          1,
          1,
          1,
          null,
          1,
          1,
          6,
          null,
          null,
          1,
          1,
          null,
          null,
          1,
          null,
          1,
          null,
          null,
          null,
          null,
          1,
          1,
          null,
          null,
          1,
          null,
          1,
          null,
          null,
          null,
          null,
          1,
          1,
          1,
          null,
          null,
          1,
          null,
          1,
          null,
          null,
          null,
          null,
          1,
          1,
          1,
          1,
          null,
          null,
          1,
          null,
          1,
          null,
          null,
          null,
          null,
          1,
          1,
          null,
          null,
          1,
          1,
          1,
          null,
          1,
          null,
          null,
          null,
          null,
          1,
          1,
          null,
          null
        ]
      },
      "/Users/rebeckahendricks/Turing/1mod/projects/enigma/lib/enigma.rb": {
        "lines": [
          1,
          null,
          1,
          1,
          1,
          null,
          1,
          15,
          15,
          15,
          null,
          null,
          1,
          14,
          14,
          null,
          null,
          null,
          null,
          null,
          null,
          null,
          null,
          null,
          null,
          null,
          null,
          null,
          null,
          null,
          null,
          null,
          null,
          null,
          null,
          null,
          null,
          null,
          14,
          null,
          null,
          null,
          null,
          null,
          1,
          8,
          8,
          null,
          null,
          null,
          null,
          null,
          null,
          null,
          null,
          null,
          null,
          null,
          null,
          null,
          null,
          null,
          null,
          null,
          null,
          null,
          null,
          null,
          null,
          null,
          8,
          null,
          null,
          null,
          null,
          null,
          1,
          22,
          22,
          262,
          76,
          186,
          66,
          120,
          66,
          54,
          54,
          null,
          262,
          262,
          262,
          7074,
          242,
          242,
          null,
          null,
          null,
          22,
          null,
          null
        ]
      },
      "/Users/rebeckahendricks/Turing/1mod/projects/enigma/lib/shift_maker.rb": {
        "lines": [
          1,
          null,
          1,
          1,
          78,
          null,
          null,
          1,
          68,
          null,
          null,
          1,
          68,
          null,
          null,
          1,
          56,
          null,
          null,
          1,
          78,
          null,
          null,
          1,
          68,
          null,
          null,
          1,
          68,
          null,
          null,
          1,
          56,
          null,
          null,
          1,
          77,
          null,
          null,
          1,
          67,
          null,
          null,
          1,
          67,
          null,
          null,
          1,
          55,
          null,
          null
        ]
      },
      "/Users/rebeckahendricks/Turing/1mod/projects/enigma/spec/shift_maker_spec.rb": {
        "lines": [
          1,
          1,
          1,
          null,
          1,
          1,
          3,
          3,
          3,
          null,
          null,
          1,
          1,
          1,
          1,
          1,
          null,
          null,
          1,
          1,
          1,
          1,
          1,
          null,
          null,
          1,
          1,
          1,
          1,
          1,
          null,
          null,
          null
        ]
      }
    },
    "timestamp": 1660082477
  }
}
